<?xml version="1.0" encoding="utf-8"?><testsuites name="pytest tests"><testsuite name="pytest" errors="0" failures="0" skipped="0" tests="3" time="0.727" timestamp="2026-08-15T14:50:44.349077+00:00" hostname="agent-env-94e93453-62c6-471d-889f-86c3dda96e6b"><testcase classname="backend_test" name="test_api_root" time="0.140" /><testcase classname="backend_test" name="test_quote_submission_with_attachment" time="0.112" /><testcase classname="backend_test" name="test_quote_rejects_oversized_attachment" time="0.425" /></testsuite></testsuites>